app/build/outputs/logs/manifest-merger-debug-report.txt
-- Merging decision tree log ---
manifest
ADDED from src\main\AndroidManifest.xml:2:1-272:12
	xmlns:android
		ADDED from src\main\AndroidManifest.xml:2:11-69
	package
		ADDED from src\main\AndroidManifest.xml:3:5-31
		INJECTED from src\main\AndroidManifest.xml
		INJECTED from src\main\AndroidManifest.xml
	android:versionName
		ADDED from src\main\AndroidManifest.xml:5:5-30
		INJECTED from src\main\AndroidManifest.xml
		INJECTED from src\main\AndroidManifest.xml
	android:versionCode
		ADDED from src\main\AndroidManifest.xml:4:5-28
		INJECTED from src\main\AndroidManifest.xml
		INJECTED from src\main\AndroidManifest.xml
uses-sdk
ADDED from src\main\AndroidManifest.xml:7:5-9:41
MERGED from [QRCodeDemo-master2:library:unspecified] AndroidManifest.xml:7:5-9:41
MERGED from [com.android.support:appcompat-v7:19.1.0] AndroidManifest.xml:18:5-42
	android:targetSdkVersion
		ADDED from src\main\AndroidManifest.xml:9:9-38
		INJECTED from src\main\AndroidManifest.xml
		INJECTED from src\main\AndroidManifest.xml
	android:minSdkVersion
		ADDED from src\main\AndroidManifest.xml:8:9-34
		INJECTED from src\main\AndroidManifest.xml
		INJECTED from src\main\AndroidManifest.xml
uses-permission#android.permission.CAMERA
ADDED from src\main\AndroidManifest.xml:11:5-65
	android:name
		ADDED from src\main\AndroidManifest.xml:11:22-62
uses-permission#android.permission.INTERNET
ADDED from src\main\AndroidManifest.xml:12:5-67
	android:name
		ADDED from src\main\AndroidManifest.xml:12:22-64
uses-permission#android.permission.VIBRATE
ADDED from src\main\AndroidManifest.xml:13:5-66
	android:name
		ADDED from src\main\AndroidManifest.xml:13:22-63
uses-permission#android.permission.FLASHLIGHT
ADDED from src\main\AndroidManifest.xml:14:5-69
	android:name
		ADDED from src\main\AndroidManifest.xml:14:22-66
uses-permission#android.permission.READ_CONTACTS
ADDED from src\main\AndroidManifest.xml:15:5-72
	android:name
		ADDED from src\main\AndroidManifest.xml:15:22-69
uses-permission#com.android.browser.permission.READ_HISTORY_BOOKMARKS
ADDED from src\main\AndroidManifest.xml:16:5-93
	android:name
		ADDED from src\main\AndroidManifest.xml:16:22-90
uses-permission#android.permission.WRITE_EXTERNAL_STORAGE
ADDED from src\main\AndroidManifest.xml:17:5-81
	android:name
		ADDED from src\main\AndroidManifest.xml:17:22-78
uses-permission#android.permission.CHANGE_WIFI_STATE
ADDED from src\main\AndroidManifest.xml:18:5-76
	android:name
		ADDED from src\main\AndroidManifest.xml:18:22-73
uses-permission#android.permission.ACCESS_WIFI_STATE
ADDED from src\main\AndroidManifest.xml:19:5-76
	android:name
		ADDED from src\main\AndroidManifest.xml:19:22-73
uses-permission#android.permission.ACCESS_NETWORK_STATE
ADDED from src\main\AndroidManifest.xml:20:5-79
	android:name
		ADDED from src\main\AndroidManifest.xml:20:22-76
uses-permission#android.permission.READ_PHONE_STATE
ADDED from src\main\AndroidManifest.xml:21:5-75
	android:name
		ADDED from src\main\AndroidManifest.xml:21:22-72
uses-permission#android.permission.READ_LOGS
ADDED from src\main\AndroidManifest.xml:22:5-68
	android:name
		ADDED from src\main\AndroidManifest.xml:22:22-65
uses-permission#android.permission.READ_EXTERNAL_STORAGE
ADDED from src\main\AndroidManifest.xml:23:5-80
	android:name
		ADDED from src\main\AndroidManifest.xml:23:22-77
uses-permission#android.uid.system
ADDED from src\main\AndroidManifest.xml:24:5-58
	android:name
		ADDED from src\main\AndroidManifest.xml:24:22-55
uses-permission#android.permission.MOUNT_UNMOUNT_FILESYSTEMS
ADDED from src\main\AndroidManifest.xml:25:5-84
	android:name
		ADDED from src\main\AndroidManifest.xml:25:22-81
uses-permission#android.permission.RECORD_AUDIO
ADDED from src\main\AndroidManifest.xml:27:5-71
	android:name
		ADDED from src\main\AndroidManifest.xml:27:22-68
uses-permission#android.permission.CHANGE_NETWORK_STATE
ADDED from src\main\AndroidManifest.xml:29:5-79
	android:name
		ADDED from src\main\AndroidManifest.xml:29:22-76
uses-permission#android.permission.WRITE_SETTINGS
ADDED from src\main\AndroidManifest.xml:31:5-73
	android:name
		ADDED from src\main\AndroidManifest.xml:31:22-70
uses-feature#android.hardware.camera
ADDED from src\main\AndroidManifest.xml:34:5-36:36
	android:required
		ADDED from src\main\AndroidManifest.xml:36:9-33
	android:name
		ADDED from src\main\AndroidManifest.xml:35:9-47
uses-feature#android.hardware.camera.front
ADDED from src\main\AndroidManifest.xml:37:5-39:36
	android:required
		ADDED from src\main\AndroidManifest.xml:39:9-33
	android:name
		ADDED from src\main\AndroidManifest.xml:38:9-53
uses-feature#android.hardware.camera.autofocus
ADDED from src\main\AndroidManifest.xml:42:5-44:36
	android:required
		ADDED from src\main\AndroidManifest.xml:44:9-33
	android:name
		ADDED from src\main\AndroidManifest.xml:43:9-57
uses-feature#android.hardware.camera.flash
ADDED from src\main\AndroidManifest.xml:45:5-47:36
	android:required
		ADDED from src\main\AndroidManifest.xml:47:9-33
	android:name
		ADDED from src\main\AndroidManifest.xml:46:9-53
uses-feature#android.hardware.screen.landscape
ADDED from src\main\AndroidManifest.xml:48:5-70
	android:name
		ADDED from src\main\AndroidManifest.xml:48:19-67
uses-feature#android.hardware.wifi
ADDED from src\main\AndroidManifest.xml:49:5-51:36
	android:required
		ADDED from src\main\AndroidManifest.xml:51:9-33
	android:name
		ADDED from src\main\AndroidManifest.xml:50:9-45
uses-feature#android.hardware.touchscreen
ADDED from src\main\AndroidManifest.xml:53:5-65
	android:name
		ADDED from src\main\AndroidManifest.xml:53:19-62
supports-screens
ADDED from src\main\AndroidManifest.xml:58:5-63:40
	android:largeScreens
		ADDED from src\main\AndroidManifest.xml:60:9-36
	android:anyDensity
		ADDED from src\main\AndroidManifest.xml:59:9-34
	android:normalScreens
		ADDED from src\main\AndroidManifest.xml:61:9-37
	android:xlargeScreens
		ADDED from src\main\AndroidManifest.xml:63:9-37
	android:smallScreens
		ADDED from src\main\AndroidManifest.xml:62:9-36
application
ADDED from src\main\AndroidManifest.xml:65:5-270:19
MERGED from [com.android.support:appcompat-v7:19.1.0] AndroidManifest.xml:19:5-20
	android:label
		ADDED from src\main\AndroidManifest.xml:70:9-41
	android:allowBackup
		ADDED from src\main\AndroidManifest.xml:67:9-35
	android:icon
		ADDED from src\main\AndroidManifest.xml:69:9-39
	android:theme
		ADDED from src\main\AndroidManifest.xml:71:9-72
	android:hardwareAccelerated
		ADDED from src\main\AndroidManifest.xml:68:9-43
	android:name
		ADDED from src\main\AndroidManifest.xml:66:9-54
activity#com.google.zxing.client.android.CaptureActivity
ADDED from src\main\AndroidManifest.xml:72:9-133:20
	android:windowSoftInputMode
		ADDED from src\main\AndroidManifest.xml:79:13-60
	android:screenOrientation
		ADDED from src\main\AndroidManifest.xml:76:13-50
	android:configChanges
		ADDED from src\main\AndroidManifest.xml:75:13-63
	android:theme
		ADDED from src\main\AndroidManifest.xml:78:13-49
	android:stateNotNeeded
		ADDED from src\main\AndroidManifest.xml:77:13-42
	android:clearTaskOnLaunch
		ADDED from src\main\AndroidManifest.xml:74:13-45
	android:name
		ADDED from src\main\AndroidManifest.xml:73:13-75
intent-filter#android.intent.category.DEFAULT+com.google.zxing.client.android.SCAN
ADDED from src\main\AndroidManifest.xml:80:13-84:29
action#com.google.zxing.client.android.SCAN
ADDED from src\main\AndroidManifest.xml:81:17-79
	android:name
		ADDED from src\main\AndroidManifest.xml:81:25-76
category#android.intent.category.DEFAULT
ADDED from src\main\AndroidManifest.xml:83:17-76
	android:name
		ADDED from src\main\AndroidManifest.xml:83:27-73
intent-filter#android.intent.action.VIEW+android.intent.category.BROWSABLE+android.intent.category.DEFAULT
ADDED from src\main\AndroidManifest.xml:86:13-96:29
action#android.intent.action.VIEW
ADDED from src\main\AndroidManifest.xml:87:17-69
	android:name
		ADDED from src\main\AndroidManifest.xml:87:25-66
category#android.intent.category.BROWSABLE
ADDED from src\main\AndroidManifest.xml:90:17-78
	android:name
		ADDED from src\main\AndroidManifest.xml:90:27-75
data
ADDED from src\main\AndroidManifest.xml:92:17-95:45
	android:host
		ADDED from src\main\AndroidManifest.xml:93:21-53
	android:path
		ADDED from src\main\AndroidManifest.xml:94:21-41
	android:scheme
		ADDED from src\main\AndroidManifest.xml:95:21-42
activity#com.google.zxing.client.android.PreferencesActivity
ADDED from src\main\AndroidManifest.xml:134:9-137:45
	android:label
		ADDED from src\main\AndroidManifest.xml:136:13-53
	android:stateNotNeeded
		ADDED from src\main\AndroidManifest.xml:137:13-42
	android:name
		ADDED from src\main\AndroidManifest.xml:135:13-79
activity#com.google.zxing.client.android.encode.EncodeActivity
ADDED from src\main\AndroidManifest.xml:138:9-162:20
	android:stateNotNeeded
		ADDED from src\main\AndroidManifest.xml:140:13-42
	android:name
		ADDED from src\main\AndroidManifest.xml:139:13-81
intent-filter#android.intent.category.DEFAULT+com.google.zxing.client.android.ENCODE
ADDED from src\main\AndroidManifest.xml:141:13-145:29
action#com.google.zxing.client.android.ENCODE
ADDED from src\main\AndroidManifest.xml:142:17-81
	android:name
		ADDED from src\main\AndroidManifest.xml:142:25-78
intent-filter#android.intent.action.SEND+android.intent.category.DEFAULT
ADDED from src\main\AndroidManifest.xml:147:13-153:29
action#android.intent.action.SEND
ADDED from src\main\AndroidManifest.xml:148:17-69
	android:name
		ADDED from src\main\AndroidManifest.xml:148:25-66
activity#com.google.zxing.client.android.book.SearchBookContentsActivity
ADDED from src\main\AndroidManifest.xml:163:9-174:20
	android:screenOrientation
		ADDED from src\main\AndroidManifest.xml:167:13-50
	android:label
		ADDED from src\main\AndroidManifest.xml:166:13-45
	android:configChanges
		ADDED from src\main\AndroidManifest.xml:165:13-63
	android:stateNotNeeded
		ADDED from src\main\AndroidManifest.xml:168:13-42
	android:name
		ADDED from src\main\AndroidManifest.xml:164:13-91
intent-filter#android.intent.category.DEFAULT+com.google.zxing.client.android.SEARCH_BOOK_CONTENTS
ADDED from src\main\AndroidManifest.xml:169:13-173:29
action#com.google.zxing.client.android.SEARCH_BOOK_CONTENTS
ADDED from src\main\AndroidManifest.xml:170:17-95
	android:name
		ADDED from src\main\AndroidManifest.xml:170:25-92
activity#com.google.zxing.client.android.share.ShareActivity
ADDED from src\main\AndroidManifest.xml:175:9-185:20
	android:screenOrientation
		ADDED from src\main\AndroidManifest.xml:177:13-45
	android:theme
		ADDED from src\main\AndroidManifest.xml:179:13-55
	android:stateNotNeeded
		ADDED from src\main\AndroidManifest.xml:178:13-42
	android:name
		ADDED from src\main\AndroidManifest.xml:176:13-79
intent-filter#android.intent.category.DEFAULT+com.google.zxing.client.android.SHARE
ADDED from src\main\AndroidManifest.xml:180:13-184:29
action#com.google.zxing.client.android.SHARE
ADDED from src\main\AndroidManifest.xml:181:17-80
	android:name
		ADDED from src\main\AndroidManifest.xml:181:25-77
activity#com.google.zxing.client.android.history.HistoryActivity
ADDED from src\main\AndroidManifest.xml:186:9-195:20
	android:label
		ADDED from src\main\AndroidManifest.xml:188:13-50
	android:stateNotNeeded
		ADDED from src\main\AndroidManifest.xml:189:13-42
	android:name
		ADDED from src\main\AndroidManifest.xml:187:13-83
intent-filter#android.intent.action.VIEW+android.intent.category.DEFAULT
ADDED from src\main\AndroidManifest.xml:190:13-194:29
activity#com.google.zxing.client.android.share.BookmarkPickerActivity
ADDED from src\main\AndroidManifest.xml:196:9-205:20
	android:label
		ADDED from src\main\AndroidManifest.xml:198:13-57
	android:stateNotNeeded
		ADDED from src\main\AndroidManifest.xml:199:13-42
	android:name
		ADDED from src\main\AndroidManifest.xml:197:13-88
intent-filter#android.intent.action.PICK+android.intent.category.DEFAULT
ADDED from src\main\AndroidManifest.xml:200:13-204:29
action#android.intent.action.PICK
ADDED from src\main\AndroidManifest.xml:201:17-69
	android:name
		ADDED from src\main\AndroidManifest.xml:201:25-66
activity#com.google.zxing.client.android.share.AppPickerActivity
ADDED from src\main\AndroidManifest.xml:206:9-216:20
	android:label
		ADDED from src\main\AndroidManifest.xml:209:13-52
	android:configChanges
		ADDED from src\main\AndroidManifest.xml:208:13-48
	android:stateNotNeeded
		ADDED from src\main\AndroidManifest.xml:210:13-42
	android:name
		ADDED from src\main\AndroidManifest.xml:207:13-83
activity#com.google.zxing.client.android.HelpActivity
ADDED from src\main\AndroidManifest.xml:217:9-225:20
	android:screenOrientation
		ADDED from src\main\AndroidManifest.xml:219:13-45
	android:name
		ADDED from src\main\AndroidManifest.xml:218:13-72
activity#com.glassky.main.LoginMainActivity
ADDED from src\main\AndroidManifest.xml:226:9-234:20
	android:name
		ADDED from src\main\AndroidManifest.xml:226:19-52
activity#com.glassky.main.RegActivity
ADDED from src\main\AndroidManifest.xml:235:9-49
	android:name
		ADDED from src\main\AndroidManifest.xml:235:19-46
activity#com.glassky.main.SlidingMenuList1Activity
ADDED from src\main\AndroidManifest.xml:236:9-244:20
	android:name
		ADDED from src\main\AndroidManifest.xml:236:19-59
activity#com.glassky.main.NoteListActivity
ADDED from src\main\AndroidManifest.xml:245:9-54
	android:name
		ADDED from src\main\AndroidManifest.xml:245:19-51
activity#com.glassky.main.NoteDetailActivity
ADDED from src\main\AndroidManifest.xml:246:9-56
	android:name
		ADDED from src\main\AndroidManifest.xml:246:19-53
activity#com.glassky.main.NoteNewActivity
ADDED from src\main\AndroidManifest.xml:247:9-53
	android:name
		ADDED from src\main\AndroidManifest.xml:247:19-50
activity#com.glassky.main.Qr_code_generatedActivity
ADDED from src\main\AndroidManifest.xml:248:9-63
	android:name
		ADDED from src\main\AndroidManifest.xml:248:19-60
activity#com.glassky.main.RecipeActivity
ADDED from src\main\AndroidManifest.xml:249:9-52
	android:name
		ADDED from src\main\AndroidManifest.xml:249:19-49
activity#com.glassky.main.ScanActivity
ADDED from src\main\AndroidManifest.xml:250:9-259:20
	android:name
		ADDED from src\main\AndroidManifest.xml:250:19-47
activity#com.glassky.main.Trophic_analysis_Activity
ADDED from src\main\AndroidManifest.xml:260:9-63
	android:name
		ADDED from src\main\AndroidManifest.xml:260:19-60
activity#com.glassky.main.Shopping_listActivity
ADDED from src\main\AndroidManifest.xml:261:9-59
	android:name
		ADDED from src\main\AndroidManifest.xml:261:19-56
activity#com.glassky.main.SplashActivity
ADDED from src\main\AndroidManifest.xml:262:9-268:20
	android:name
		ADDED from src\main\AndroidManifest.xml:262:19-49
intent-filter#android.intent.action.MAIN+android.intent.category.LAUNCHER
ADDED from src\main\AndroidManifest.xml:263:13-267:29
action#android.intent.action.MAIN
ADDED from src\main\AndroidManifest.xml:264:17-69
	android:name
		ADDED from src\main\AndroidManifest.xml:264:25-66
category#android.intent.category.LAUNCHER
ADDED from src\main\AndroidManifest.xml:266:17-77
	android:name
		ADDED from src\main\AndroidManifest.xml:266:27-74
activity#com.glassky.main.Receiver_NotificationActivity
ADDED from src\main\AndroidManifest.xml:269:9-76
	android:name
		ADDED from src\main\AndroidManifest.xml:269:19-64